{
  "uid" : "c8931c2ca1de943c",
  "name" : "test_add_new_product",
  "fullName" : "testcases.test_case.TestProductManagement#test_add_new_product",
  "historyId" : "79720daec0dbbfb1fe6213b5cf665b6b",
  "time" : {
    "start" : 1751440878124,
    "stop" : 1751440878232,
    "duration" : 108
  },
  "description" : "测试新增新品功能",
  "descriptionHtml" : "<p>测试新增新品功能</p>\n",
  "status" : "failed",
  "statusMessage" : "AssertionError: 新增失败: token验证失败-请先登录\nassert 4101 == 200",
  "statusTrace" : "self = <test_case.TestProductManagement object at 0x000001FAA4BAC150>\nsetup_class = None\n\n    @allure.tag(\"新增新品\")\n    def test_add_new_product(self, setup_class):\n        \"\"\"测试新增新品功能\"\"\"\n        logger.info(\"** 开始执行新增新品测试 **\")\n    \n        with allure.step(\"准备测试数据\"):\n            test_data = self.test_product_data.copy()  # 使用副本避免修改原始数据\n    \n        with allure.step(\"发送新增新品请求\"):\n            res = Requests(headers=self.headers).put_request(\n                \"/svip/product/addNewProduct\",\n                json=test_data\n            )\n            response = res.json()\n            logger.info(f\"API响应: {response}\")\n    \n        with allure.step(\"验证响应\"):\n>           assert response[\"code\"] == 200, f\"新增失败: {response.get('message', '未知错误')}\"\nE           AssertionError: 新增失败: token验证失败-请先登录\nE           assert 4101 == 200\n\ntestcases\\test_case.py:88: AssertionError",
  "flaky" : false,
  "newFailed" : false,
  "beforeStages" : [ {
    "name" : "setup_class",
    "time" : {
      "start" : 1751440878119,
      "stop" : 1751440878124,
      "duration" : 5
    },
    "status" : "passed",
    "steps" : [ ],
    "attachments" : [ ],
    "parameters" : [ ],
    "attachmentsCount" : 0,
    "shouldDisplayMessage" : false,
    "hasContent" : false,
    "stepsCount" : 0
  } ],
  "testStage" : {
    "description" : "测试新增新品功能",
    "status" : "failed",
    "statusMessage" : "AssertionError: 新增失败: token验证失败-请先登录\nassert 4101 == 200",
    "statusTrace" : "self = <test_case.TestProductManagement object at 0x000001FAA4BAC150>\nsetup_class = None\n\n    @allure.tag(\"新增新品\")\n    def test_add_new_product(self, setup_class):\n        \"\"\"测试新增新品功能\"\"\"\n        logger.info(\"** 开始执行新增新品测试 **\")\n    \n        with allure.step(\"准备测试数据\"):\n            test_data = self.test_product_data.copy()  # 使用副本避免修改原始数据\n    \n        with allure.step(\"发送新增新品请求\"):\n            res = Requests(headers=self.headers).put_request(\n                \"/svip/product/addNewProduct\",\n                json=test_data\n            )\n            response = res.json()\n            logger.info(f\"API响应: {response}\")\n    \n        with allure.step(\"验证响应\"):\n>           assert response[\"code\"] == 200, f\"新增失败: {response.get('message', '未知错误')}\"\nE           AssertionError: 新增失败: token验证失败-请先登录\nE           assert 4101 == 200\n\ntestcases\\test_case.py:88: AssertionError",
    "steps" : [ {
      "name" : "准备测试数据",
      "time" : {
        "start" : 1751440878125,
        "stop" : 1751440878125,
        "duration" : 0
      },
      "status" : "passed",
      "steps" : [ ],
      "attachments" : [ ],
      "parameters" : [ ],
      "attachmentsCount" : 0,
      "shouldDisplayMessage" : false,
      "hasContent" : false,
      "stepsCount" : 0
    }, {
      "name" : "发送新增新品请求",
      "time" : {
        "start" : 1751440878125,
        "stop" : 1751440878224,
        "duration" : 99
      },
      "status" : "passed",
      "steps" : [ ],
      "attachments" : [ {
        "uid" : "1b3374b0de6dabf0",
        "name" : "请求的url",
        "source" : "1b3374b0de6dabf0.attach",
        "type" : "text/plain",
        "size" : 56
      }, {
        "uid" : "9ad45545aab89aa3",
        "name" : "请求的方法",
        "source" : "9ad45545aab89aa3.attach",
        "type" : "text/plain",
        "size" : 3
      }, {
        "uid" : "bef042d6fad85dd8",
        "name" : "请求的headers",
        "source" : "bef042d6fad85dd8.attach",
        "type" : "text/plain",
        "size" : 708
      }, {
        "uid" : "e087bd3a91352813",
        "name" : "入参报文",
        "source" : "e087bd3a91352813.attach",
        "type" : "text/plain",
        "size" : 416
      }, {
        "uid" : "8649f5cbe8bc8d97",
        "name" : "响应时间",
        "source" : "8649f5cbe8bc8d97.attach",
        "type" : "text/plain",
        "size" : 6
      }, {
        "uid" : "5570367b69f09e52",
        "name" : "状态码",
        "source" : "5570367b69f09e52.attach",
        "type" : "text/plain",
        "size" : 3
      }, {
        "uid" : "7c9b732b865d080f",
        "name" : "响应报文",
        "source" : "7c9b732b865d080f.attach",
        "type" : "text/plain",
        "size" : 68
      } ],
      "parameters" : [ ],
      "attachmentsCount" : 7,
      "shouldDisplayMessage" : false,
      "hasContent" : true,
      "stepsCount" : 0
    }, {
      "name" : "验证响应",
      "time" : {
        "start" : 1751440878224,
        "stop" : 1751440878224,
        "duration" : 0
      },
      "status" : "failed",
      "statusMessage" : "AssertionError: 新增失败: token验证失败-请先登录\nassert 4101 == 200\n",
      "statusTrace" : "  File \"C:\\test_case_demo\\testcases\\test_case.py\", line 88, in test_add_new_product\n    assert response[\"code\"] == 200, f\"新增失败: {response.get('message', '未知错误')}\"\n",
      "steps" : [ ],
      "attachments" : [ ],
      "parameters" : [ ],
      "attachmentsCount" : 0,
      "shouldDisplayMessage" : true,
      "hasContent" : true,
      "stepsCount" : 0
    } ],
    "attachments" : [ {
      "uid" : "bee42bda9dba5216",
      "name" : "log",
      "source" : "bee42bda9dba5216.txt",
      "type" : "text/plain",
      "size" : 179
    }, {
      "uid" : "250e5896dafc3365",
      "name" : "stderr",
      "source" : "250e5896dafc3365.txt",
      "type" : "text/plain",
      "size" : 222
    } ],
    "parameters" : [ ],
    "attachmentsCount" : 9,
    "shouldDisplayMessage" : true,
    "hasContent" : true,
    "stepsCount" : 3
  },
  "afterStages" : [ ],
  "labels" : [ {
    "name" : "tag",
    "value" : "新增新品"
  }, {
    "name" : "story",
    "value" : "新品管理"
  }, {
    "name" : "parentSuite",
    "value" : "testcases"
  }, {
    "name" : "suite",
    "value" : "test_case"
  }, {
    "name" : "subSuite",
    "value" : "TestProductManagement"
  }, {
    "name" : "host",
    "value" : "SST"
  }, {
    "name" : "thread",
    "value" : "37824-MainThread"
  }, {
    "name" : "framework",
    "value" : "pytest"
  }, {
    "name" : "language",
    "value" : "cpython3"
  }, {
    "name" : "package",
    "value" : "testcases.test_case"
  }, {
    "name" : "resultFormat",
    "value" : "allure2"
  } ],
  "parameters" : [ ],
  "links" : [ ],
  "hidden" : false,
  "retry" : false,
  "extra" : {
    "severity" : "normal",
    "retries" : [ ],
    "categories" : [ {
      "name" : "Product defects",
      "matchedStatuses" : [ ],
      "flaky" : false
    } ],
    "tags" : [ "新增新品" ]
  },
  "source" : "c8931c2ca1de943c.json",
  "parameterValues" : [ ]
}