{"name": "test_add_new_product", "status": "failed", "statusDetails": {"message": "AssertionError: 新增失败: token验证失败-请先登录\nassert 4101 == 200", "trace": "self = <test_case.TestProductManagement object at 0x000001FAA4BAC150>\nsetup_class = None\n\n    @allure.tag(\"新增新品\")\n    def test_add_new_product(self, setup_class):\n        \"\"\"测试新增新品功能\"\"\"\n        logger.info(\"** 开始执行新增新品测试 **\")\n    \n        with allure.step(\"准备测试数据\"):\n            test_data = self.test_product_data.copy()  # 使用副本避免修改原始数据\n    \n        with allure.step(\"发送新增新品请求\"):\n            res = Requests(headers=self.headers).put_request(\n                \"/svip/product/addNewProduct\",\n                json=test_data\n            )\n            response = res.json()\n            logger.info(f\"API响应: {response}\")\n    \n        with allure.step(\"验证响应\"):\n>           assert response[\"code\"] == 200, f\"新增失败: {response.get('message', '未知错误')}\"\nE           AssertionError: 新增失败: token验证失败-请先登录\nE           assert 4101 == 200\n\ntestcases\\test_case.py:88: AssertionError"}, "description": "测试新增新品功能", "steps": [{"name": "准备测试数据", "status": "passed", "start": 1751440878125, "stop": 1751440878125}, {"name": "发送新增新品请求", "status": "passed", "attachments": [{"name": "请求的url", "source": "a437fd94-6d0d-413e-a95a-acc5659ac84f-attachment.attach"}, {"name": "请求的方法", "source": "2008b63d-e388-4d94-9393-ec036b2f3b5e-attachment.attach"}, {"name": "请求的headers", "source": "bafef2e4-6a6c-4094-98e8-7a541df57de5-attachment.attach"}, {"name": "入参报文", "source": "3a4f39af-520e-465f-be6c-8d272b76e3f1-attachment.attach"}, {"name": "响应时间", "source": "536c2706-84f1-4c46-b7d7-37f3ddb1bb71-attachment.attach"}, {"name": "状态码", "source": "a371e794-9ea9-47bd-98ad-44d17d52d1b0-attachment.attach"}, {"name": "响应报文", "source": "49b557b3-3762-4846-9dad-29fd95de53e8-attachment.attach"}], "start": 1751440878125, "stop": 1751440878224}, {"name": "验证响应", "status": "failed", "statusDetails": {"message": "AssertionError: 新增失败: token验证失败-请先登录\nassert 4101 == 200\n", "trace": "  File \"C:\\test_case_demo\\testcases\\test_case.py\", line 88, in test_add_new_product\n    assert response[\"code\"] == 200, f\"新增失败: {response.get('message', '未知错误')}\"\n"}, "start": 1751440878224, "stop": 1751440878224}], "attachments": [{"name": "log", "source": "36b38374-6e11-4c29-82db-453457da25ad-attachment.txt", "type": "text/plain"}, {"name": "stderr", "source": "8b97961d-d669-4944-a04b-ec7d409c1543-attachment.txt", "type": "text/plain"}], "start": 1751440878124, "stop": 1751440878232, "uuid": "c758942a-e098-45a4-a943-6671219f5377", "historyId": "79720daec0dbbfb1fe6213b5cf665b6b", "testCaseId": "79720daec0dbbfb1fe6213b5cf665b6b", "fullName": "testcases.test_case.TestProductManagement#test_add_new_product", "labels": [{"name": "tag", "value": "新增新品"}, {"name": "story", "value": "新品管理"}, {"name": "parentSuite", "value": "testcases"}, {"name": "suite", "value": "test_case"}, {"name": "subSuite", "value": "TestProductManagement"}, {"name": "host", "value": "SST"}, {"name": "thread", "value": "37824-MainThread"}, {"name": "framework", "value": "pytest"}, {"name": "language", "value": "cpython3"}, {"name": "package", "value": "testcases.test_case"}]}